[2018-05-21 10:06:00] app.ERROR: You must specify as many arguments (%d, %s ...) as the original string. [] []
[2018-05-21 10:09:38] app.ERROR: Missing class name of tab [] []
[2018-05-21 10:09:38] app.ERROR: Missing class name of tab [] []
[2018-05-21 10:09:38] app.ERROR: Missing class name of tab [] []
[2018-05-21 10:09:38] app.ERROR: Missing class name of tab [] []
[2018-05-21 10:09:38] app.ERROR: Missing class name of tab [] []
[2018-05-21 10:09:38] app.ERROR: Missing class name of tab [] []
[2018-05-21 10:09:38] app.ERROR: Missing class name of tab [] []
[2018-05-21 10:09:38] app.ERROR: Missing class name of tab [] []
[2018-05-21 10:09:38] app.ERROR: Missing class name of tab [] []
[2018-05-21 10:09:38] app.ERROR: Missing class name of tab [] []
[2018-05-21 10:09:38] app.ERROR: Missing class name of tab [] []
[2018-05-21 10:09:38] app.ERROR: Missing class name of tab [] []
[2018-05-21 10:09:38] app.ERROR: Missing class name of tab [] []
[2018-05-21 10:09:38] app.ERROR: Missing class name of tab [] []
[2018-05-21 10:09:38] app.ERROR: Missing class name of tab [] []
[2018-05-21 10:09:38] app.ERROR: Missing class name of tab [] []
[2018-05-21 10:09:38] app.ERROR: Missing class name of tab [] []
[2018-05-28 11:47:00] request.INFO: Matched route "admin_module_manage". {"route_parameters":{"category":null,"keyword":null,"_controller":"PrestaShopBundle\\Controller\\Admin\\ModuleController::manageAction","_legacy_controller":"AdminModules","_route":"admin_module_manage"},"request_uri":"http://todaystore.burt/admintek/index.php/module/manage?token=7f02d73563124330e97a67e5c4238207"} []
[2018-05-28 11:47:00] security.DEBUG: Read existing security token from the session. {"key":"_security_main"} []
[2018-05-28 11:47:00] security.DEBUG: User was reloaded from a user provider. {"username":"bayman@burtonservers.com","provider":"PrestaShopBundle\\Security\\Admin\\EmployeeProvider"} []
[2018-05-28 11:47:06] app.ERROR: Data from PrestaShop Addons is invalid, and cannot fallback on cache.  {"exception":"cURL error 28: Operation timed out after 5002 milliseconds with 0 bytes received"} []
[2018-05-28 11:47:16] security.DEBUG: Stored the security token in the session. {"key":"_security_main"} []
[2018-05-28 11:47:46] request.INFO: Matched route "admin_module_configure_action". {"route_parameters":{"_controller":"PrestaShopBundle\\Controller\\Admin\\ModuleController::configureModuleAction","_legacy_controller":"AdminModules","module_name":"steasycontent","_route":"admin_module_configure_action"},"request_uri":"http://todaystore.burt/admintek/index.php/module/manage/action/configure/steasycontent?_token=IOoIYwP3KXB__7jBtPakD9yOnqmYrLRUnYYKjqe0htI"} []
[2018-05-28 11:47:46] security.DEBUG: Read existing security token from the session. {"key":"_security_main"} []
[2018-05-28 11:47:46] security.DEBUG: User was reloaded from a user provider. {"username":"bayman@burtonservers.com","provider":"PrestaShopBundle\\Security\\Admin\\EmployeeProvider"} []
[2018-05-28 11:47:51] app.ERROR: Data from PrestaShop Addons is invalid, and cannot fallback on cache.  {"exception":"cURL error 28: Operation timed out after 5001 milliseconds with 0 bytes received"} []
[2018-05-28 11:47:52] security.DEBUG: Stored the security token in the session. {"key":"_security_main"} []
[2018-05-28 11:51:17] request.INFO: Matched route "admin_module_manage". {"route_parameters":{"category":null,"keyword":null,"_controller":"PrestaShopBundle\\Controller\\Admin\\ModuleController::manageAction","_legacy_controller":"AdminModules","_route":"admin_module_manage"},"request_uri":"http://todaystore.burt/admintek/index.php/module/manage?token=7f02d73563124330e97a67e5c4238207"} []
[2018-05-28 11:51:17] security.DEBUG: Read existing security token from the session. {"key":"_security_main"} []
[2018-05-28 11:51:17] security.DEBUG: User was reloaded from a user provider. {"username":"bayman@burtonservers.com","provider":"PrestaShopBundle\\Security\\Admin\\EmployeeProvider"} []
[2018-05-28 11:51:23] app.ERROR: Data from PrestaShop Addons is invalid, and cannot fallback on cache.  {"exception":"cURL error 28: Operation timed out after 5000 milliseconds with 34409 bytes received"} []
[2018-05-28 11:51:26] security.DEBUG: Stored the security token in the session. {"key":"_security_main"} []
[2018-05-28 11:51:33] request.INFO: Matched route "admin_module_manage". {"route_parameters":{"category":null,"keyword":null,"_controller":"PrestaShopBundle\\Controller\\Admin\\ModuleController::manageAction","_legacy_controller":"AdminModules","_route":"admin_module_manage"},"request_uri":"http://todaystore.burt/admintek/index.php/module/manage?_token=IOoIYwP3KXB__7jBtPakD9yOnqmYrLRUnYYKjqe0htI"} []
[2018-05-28 11:51:33] security.DEBUG: Read existing security token from the session. {"key":"_security_main"} []
[2018-05-28 11:51:33] security.DEBUG: User was reloaded from a user provider. {"username":"bayman@burtonservers.com","provider":"PrestaShopBundle\\Security\\Admin\\EmployeeProvider"} []
[2018-05-28 11:51:39] app.ERROR: Data from PrestaShop Addons is invalid, and cannot fallback on cache.  {"exception":"cURL error 28: Operation timed out after 5002 milliseconds with 19929 bytes received"} []
[2018-05-28 11:51:41] security.DEBUG: Stored the security token in the session. {"key":"_security_main"} []
[2018-05-28 11:51:43] request.INFO: Matched route "admin_module_configure_action". {"route_parameters":{"_controller":"PrestaShopBundle\\Controller\\Admin\\ModuleController::configureModuleAction","_legacy_controller":"AdminModules","module_name":"stswiper","_route":"admin_module_configure_action"},"request_uri":"http://todaystore.burt/admintek/index.php/module/manage/action/configure/stswiper?_token=IOoIYwP3KXB__7jBtPakD9yOnqmYrLRUnYYKjqe0htI"} []
[2018-05-28 11:51:43] security.DEBUG: Read existing security token from the session. {"key":"_security_main"} []
[2018-05-28 11:51:43] security.DEBUG: User was reloaded from a user provider. {"username":"bayman@burtonservers.com","provider":"PrestaShopBundle\\Security\\Admin\\EmployeeProvider"} []
[2018-05-28 11:51:49] app.ERROR: Data from PrestaShop Addons is invalid, and cannot fallback on cache.  {"exception":"cURL error 28: Operation timed out after 5000 milliseconds with 53689 bytes received"} []
[2018-05-28 11:51:49] security.DEBUG: Stored the security token in the session. {"key":"_security_main"} []
[2018-05-28 11:56:53] request.INFO: Matched route "admin_module_manage". {"route_parameters":{"category":null,"keyword":null,"_controller":"PrestaShopBundle\\Controller\\Admin\\ModuleController::manageAction","_legacy_controller":"AdminModules","_route":"admin_module_manage"},"request_uri":"http://todaystore.burt/admintek/index.php/module/manage?token=7f02d73563124330e97a67e5c4238207"} []
[2018-05-28 11:56:54] security.DEBUG: Read existing security token from the session. {"key":"_security_main"} []
[2018-05-28 11:56:54] security.DEBUG: User was reloaded from a user provider. {"username":"bayman@burtonservers.com","provider":"PrestaShopBundle\\Security\\Admin\\EmployeeProvider"} []
[2018-05-28 11:56:59] app.ERROR: Data from PrestaShop Addons is invalid, and cannot fallback on cache.  {"exception":"cURL error 28: Operation timed out after 5000 milliseconds with 96969 bytes received"} []
[2018-05-28 11:57:02] security.DEBUG: Stored the security token in the session. {"key":"_security_main"} []
[2018-05-28 11:57:15] request.INFO: Matched route "admin_module_configure_action". {"route_parameters":{"_controller":"PrestaShopBundle\\Controller\\Admin\\ModuleController::configureModuleAction","_legacy_controller":"AdminModules","module_name":"steasycontent","_route":"admin_module_configure_action"},"request_uri":"http://todaystore.burt/admintek/index.php/module/manage/action/configure/steasycontent?_token=IOoIYwP3KXB__7jBtPakD9yOnqmYrLRUnYYKjqe0htI"} []
[2018-05-28 11:57:15] security.DEBUG: Read existing security token from the session. {"key":"_security_main"} []
[2018-05-28 11:57:15] security.DEBUG: User was reloaded from a user provider. {"username":"bayman@burtonservers.com","provider":"PrestaShopBundle\\Security\\Admin\\EmployeeProvider"} []
[2018-05-28 11:57:20] app.ERROR: Data from PrestaShop Addons is invalid, and cannot fallback on cache.  {"exception":"cURL error 28: Operation timed out after 5000 milliseconds with 175904 bytes received"} []
[2018-05-28 11:57:21] security.DEBUG: Stored the security token in the session. {"key":"_security_main"} []
[2018-05-30 11:47:24] request.INFO: Matched route "admin_module_catalog". {"route_parameters":{"_controller":"PrestaShopBundle\\Controller\\Admin\\ModuleController::catalogAction","_legacy_controller":"AdminModules","_route":"admin_module_catalog"},"request_uri":"http://todaystore.burt/admintek/index.php/module/catalog?_token=8AWaSgEOu4awmQNWIUHAhh8cuVkg-eI54Ky3F4AA4LU"} []
[2018-05-30 11:47:24] security.DEBUG: Read existing security token from the session. {"key":"_security_main"} []
[2018-05-30 11:47:24] security.DEBUG: User was reloaded from a user provider. {"username":"bayman@burtonservers.com","provider":"PrestaShopBundle\\Security\\Admin\\EmployeeProvider"} []
[2018-05-30 11:47:31] app.ERROR: Data from PrestaShop Addons is invalid, and cannot fallback on cache.  {"exception":"cURL error 28: Operation timed out after 5000 milliseconds with 34409 bytes received"} []
[2018-05-30 11:47:40] security.DEBUG: Stored the security token in the session. {"key":"_security_main"} []
[2018-05-30 11:47:41] request.INFO: Matched route "admin_module_catalog_refresh". {"route_parameters":{"category":null,"keyword":null,"_controller":"PrestaShopBundle\\Controller\\Admin\\ModuleController::refreshCatalogAction","_legacy_controller":"AdminModules","_route":"admin_module_catalog_refresh"},"request_uri":"http://todaystore.burt/admintek/index.php/module/catalog/refresh?_token=8AWaSgEOu4awmQNWIUHAhh8cuVkg-eI54Ky3F4AA4LU"} []
[2018-05-30 11:47:41] security.DEBUG: Read existing security token from the session. {"key":"_security_main"} []
[2018-05-30 11:47:41] security.DEBUG: User was reloaded from a user provider. {"username":"bayman@burtonservers.com","provider":"PrestaShopBundle\\Security\\Admin\\EmployeeProvider"} []
[2018-05-30 11:47:47] app.ERROR: Data from PrestaShop Addons is invalid, and cannot fallback on cache.  {"exception":"cURL error 28: Operation timed out after 5001 milliseconds with 19929 bytes received"} []
[2018-05-30 11:47:50] security.DEBUG: Stored the security token in the session. {"key":"_security_main"} []
[2018-05-30 12:44:35] request.INFO: Matched route "admin_module_catalog". {"route_parameters":{"_controller":"PrestaShopBundle\\Controller\\Admin\\ModuleController::catalogAction","_legacy_controller":"AdminModules","_route":"admin_module_catalog"},"request_uri":"http://todaystore.burt/admintek/index.php/module/catalog?_token=8AWaSgEOu4awmQNWIUHAhh8cuVkg-eI54Ky3F4AA4LU"} []
[2018-05-30 12:44:35] security.DEBUG: Read existing security token from the session. {"key":"_security_main"} []
[2018-05-30 12:44:35] security.DEBUG: User was reloaded from a user provider. {"username":"bayman@burtonservers.com","provider":"PrestaShopBundle\\Security\\Admin\\EmployeeProvider"} []
[2018-05-30 12:44:41] app.ERROR: Data from PrestaShop Addons is invalid, and cannot fallback on cache.  {"exception":"cURL error 28: Operation timed out after 5002 milliseconds with 0 bytes received"} []
[2018-05-30 12:44:43] security.DEBUG: Stored the security token in the session. {"key":"_security_main"} []
[2018-05-30 12:44:49] request.INFO: Matched route "admin_module_catalog_refresh". {"route_parameters":{"category":null,"keyword":null,"_controller":"PrestaShopBundle\\Controller\\Admin\\ModuleController::refreshCatalogAction","_legacy_controller":"AdminModules","_route":"admin_module_catalog_refresh"},"request_uri":"http://todaystore.burt/admintek/index.php/module/catalog/refresh?_token=8AWaSgEOu4awmQNWIUHAhh8cuVkg-eI54Ky3F4AA4LU"} []
[2018-05-30 12:44:49] security.DEBUG: Read existing security token from the session. {"key":"_security_main"} []
[2018-05-30 12:44:49] security.DEBUG: User was reloaded from a user provider. {"username":"bayman@burtonservers.com","provider":"PrestaShopBundle\\Security\\Admin\\EmployeeProvider"} []
[2018-05-30 12:44:56] app.ERROR: Data from PrestaShop Addons is invalid, and cannot fallback on cache.  {"exception":"cURL error 28: Operation timed out after 5001 milliseconds with 40201 bytes received"} []
[2018-05-30 12:44:59] security.DEBUG: Stored the security token in the session. {"key":"_security_main"} []
[2018-05-30 13:29:10] request.INFO: Matched route "admin_module_manage". {"route_parameters":{"category":null,"keyword":null,"_controller":"PrestaShopBundle\\Controller\\Admin\\ModuleController::manageAction","_legacy_controller":"AdminModules","_route":"admin_module_manage"},"request_uri":"http://todaystore.burt/admintek/index.php/module/manage?token=7f02d73563124330e97a67e5c4238207"} []
[2018-05-30 13:29:10] security.DEBUG: Read existing security token from the session. {"key":"_security_main"} []
[2018-05-30 13:29:10] security.DEBUG: User was reloaded from a user provider. {"username":"bayman@burtonservers.com","provider":"PrestaShopBundle\\Security\\Admin\\EmployeeProvider"} []
[2018-05-30 13:29:16] app.ERROR: Data from PrestaShop Addons is invalid, and cannot fallback on cache.  {"exception":"cURL error 28: Operation timed out after 5000 milliseconds with 50793 bytes received"} []
[2018-05-30 13:29:18] security.DEBUG: Stored the security token in the session. {"key":"_security_main"} []
